[2014-07-11 15:30:42.010] [INFO] pomelo - [32m[d:\GitHub\pomelo-webconnector\node_modules\pomelo\lib\application.js] [39mapplication inited: "connector-server-1"
[2014-07-11 15:30:42.572] [INFO] pomelo - [32m[d:\GitHub\pomelo-webconnector\node_modules\pomelo\lib\application.js] [39m"connector-server-1" enter after start...
[2014-07-11 15:30:42.577] [INFO] pomelo - [32m[d:\GitHub\pomelo-webconnector\node_modules\pomelo\lib\application.js] [39m"connector-server-1" finish start
[2014-07-11 15:30:42.577] [INFO] pomelo - [32m[d:\GitHub\pomelo-webconnector\node_modules\pomelo\lib\application.js] [39m"connector-server-1" startup in 564 ms
[2014-07-11 15:39:08.760] [DEBUG] pomelo - [36m[d:\GitHub\pomelo-webconnector\node_modules\pomelo\lib\components\connector.js] [39m[connector-server-1] getSession session is created with session id: 1
[2014-07-11 15:39:08.765] [DEBUG] pomelo - [36m[d:\GitHub\pomelo-webconnector\node_modules\pomelo\lib\components\connector.js] [39m[connector-server-1] handleMessage session id: 1, msg: {"id":"1","route":"connector.entryHandler.entry","body":{"params":{"body":{"a":1,"b":2},"query":{"id":"1","passport":"abcd"}}}}
[2014-07-11 15:39:08.770] [DEBUG] pomelo - [36m[d:\GitHub\pomelo-webconnector\node_modules\pomelo\lib\components\connector.js] [39m[connector-server-1] send message reqId: 1, route: connector.entryHandler.entry, msg: {"code":200,"msg":"game server is ok."}, receivers: [1], opts: {"type":"response","userOptions":{},"isResponse":true}
[2014-07-11 15:39:08.772] [DEBUG] pomelo - [36m[d:\GitHub\pomelo-webconnector\node_modules\pomelo\lib\common\service\sessionService.js] [39msession on [connector-server-1] is closed with session id: 1
[2014-07-11 15:39:46.990] [DEBUG] pomelo - [36m[d:\GitHub\pomelo-webconnector\node_modules\pomelo\lib\components\connector.js] [39m[connector-server-1] getSession session is created with session id: 2
[2014-07-11 15:39:46.990] [DEBUG] pomelo - [36m[d:\GitHub\pomelo-webconnector\node_modules\pomelo\lib\components\connector.js] [39m[connector-server-1] handleMessage session id: 2, msg: {"id":"1","route":"connector.entryHandler.entry","body":{"params":{"body":{"a":1,"b":2},"query":{"id":"1","passport":"abcd"}}}}
[2014-07-11 15:39:46.991] [DEBUG] pomelo - [36m[d:\GitHub\pomelo-webconnector\node_modules\pomelo\lib\components\connector.js] [39m[connector-server-1] send message reqId: 1, route: connector.entryHandler.entry, msg: {"code":200,"msg":"game server is ok."}, receivers: [2], opts: {"type":"response","userOptions":{},"isResponse":true}
[2014-07-11 15:39:46.992] [DEBUG] pomelo - [36m[d:\GitHub\pomelo-webconnector\node_modules\pomelo\lib\common\service\sessionService.js] [39msession on [connector-server-1] is closed with session id: 2
[2014-07-11 15:40:14.241] [DEBUG] pomelo - [36m[d:\GitHub\pomelo-webconnector\node_modules\pomelo\lib\components\connector.js] [39m[connector-server-1] getSession session is created with session id: 3
[2014-07-11 15:40:14.242] [DEBUG] pomelo - [36m[d:\GitHub\pomelo-webconnector\node_modules\pomelo\lib\components\connector.js] [39m[connector-server-1] handleMessage session id: 3, msg: {"id":"1","route":"connector.entryHandler.entry","body":{"params":{"body":{"a":1,"b":2},"query":{"id":"1","passport":"abcd"}}}}
[2014-07-11 15:40:14.242] [DEBUG] pomelo - [36m[d:\GitHub\pomelo-webconnector\node_modules\pomelo\lib\components\connector.js] [39m[connector-server-1] send message reqId: 1, route: connector.entryHandler.entry, msg: {"code":200,"msg":"game server is ok."}, receivers: [3], opts: {"type":"response","userOptions":{},"isResponse":true}
[2014-07-11 15:40:14.242] [DEBUG] pomelo - [36m[d:\GitHub\pomelo-webconnector\node_modules\pomelo\lib\common\service\sessionService.js] [39msession on [connector-server-1] is closed with session id: 3
[2014-07-11 15:40:54.610] [INFO] pomelo - [32m[d:\GitHub\pomelo-webconnector\node_modules\pomelo\lib\application.js] [39mapplication inited: "connector-server-1"
[2014-07-11 15:40:55.182] [INFO] pomelo - [32m[d:\GitHub\pomelo-webconnector\node_modules\pomelo\lib\application.js] [39m"connector-server-1" enter after start...
[2014-07-11 15:40:55.187] [INFO] pomelo - [32m[d:\GitHub\pomelo-webconnector\node_modules\pomelo\lib\application.js] [39m"connector-server-1" finish start
[2014-07-11 15:40:55.187] [INFO] pomelo - [32m[d:\GitHub\pomelo-webconnector\node_modules\pomelo\lib\application.js] [39m"connector-server-1" startup in 573 ms
[2014-07-11 15:41:01.450] [DEBUG] pomelo - [36m[d:\GitHub\pomelo-webconnector\node_modules\pomelo\lib\components\connector.js] [39m[connector-server-1] getSession session is created with session id: 1
[2014-07-11 15:41:01.450] [DEBUG] pomelo - [36m[d:\GitHub\pomelo-webconnector\node_modules\pomelo\lib\components\connector.js] [39m[connector-server-1] handleMessage session id: 1, msg: {"id":"1","route":"connector.entryHandler.entry","body":{"params":{"body":{"a":1,"b":2},"query":{"id":"1","passport":"abcd"}}}}
[2014-07-11 15:41:01.458] [DEBUG] pomelo - [36m[d:\GitHub\pomelo-webconnector\node_modules\pomelo\lib\components\connector.js] [39m[connector-server-1] send message reqId: 1, route: connector.entryHandler.entry, msg: {"code":200,"msg":"game server is ok."}, receivers: [1], opts: {"type":"response","userOptions":{},"isResponse":true}
[2014-07-11 15:41:01.460] [DEBUG] pomelo - [36m[d:\GitHub\pomelo-webconnector\node_modules\pomelo\lib\common\service\sessionService.js] [39msession on [connector-server-1] is closed with session id: 1
[2014-07-11 15:41:13.149] [INFO] pomelo - [32m[d:\GitHub\pomelo-webconnector\node_modules\pomelo\lib\application.js] [39mapplication inited: "connector-server-1"
[2014-07-11 15:41:13.721] [INFO] pomelo - [32m[d:\GitHub\pomelo-webconnector\node_modules\pomelo\lib\application.js] [39m"connector-server-1" enter after start...
[2014-07-11 15:41:13.734] [INFO] pomelo - [32m[d:\GitHub\pomelo-webconnector\node_modules\pomelo\lib\application.js] [39m"connector-server-1" finish start
[2014-07-11 15:41:13.734] [INFO] pomelo - [32m[d:\GitHub\pomelo-webconnector\node_modules\pomelo\lib\application.js] [39m"connector-server-1" startup in 581 ms
[2014-07-11 15:45:18.866] [DEBUG] pomelo - [36m[d:\GitHub\pomelo-webconnector\node_modules\pomelo\lib\components\connector.js] [39m[connector-server-1] getSession session is created with session id: 1
[2014-07-11 15:45:18.867] [DEBUG] pomelo - [36m[d:\GitHub\pomelo-webconnector\node_modules\pomelo\lib\components\connector.js] [39m[connector-server-1] handleMessage session id: 1, msg: {"id":"1","route":"connector.entryHandler.entry","body":{"params":{"body":{"a":1,"b":2},"query":{"id":"1","passport":"abcd"}}}}
[2014-07-11 15:45:18.870] [DEBUG] pomelo - [36m[d:\GitHub\pomelo-webconnector\node_modules\pomelo\lib\components\connector.js] [39m[connector-server-1] send message reqId: 1, route: connector.entryHandler.entry, msg: {"code":200,"msg":"game server is ok."}, receivers: [1], opts: {"type":"response","userOptions":{},"isResponse":true}
[2014-07-11 15:45:18.873] [DEBUG] pomelo - [36m[d:\GitHub\pomelo-webconnector\node_modules\pomelo\lib\common\service\sessionService.js] [39msession on [connector-server-1] is closed with session id: 1
[2014-07-11 15:46:32.814] [INFO] pomelo - [32m[d:\GitHub\pomelo-webconnector\node_modules\pomelo\lib\application.js] [39mapplication inited: "connector-server-1"
[2014-07-11 15:46:33.389] [INFO] pomelo - [32m[d:\GitHub\pomelo-webconnector\node_modules\pomelo\lib\application.js] [39m"connector-server-1" enter after start...
[2014-07-11 15:46:33.402] [INFO] pomelo - [32m[d:\GitHub\pomelo-webconnector\node_modules\pomelo\lib\application.js] [39m"connector-server-1" finish start
[2014-07-11 15:46:33.402] [INFO] pomelo - [32m[d:\GitHub\pomelo-webconnector\node_modules\pomelo\lib\application.js] [39m"connector-server-1" startup in 585 ms
[2014-07-11 15:46:37.177] [DEBUG] pomelo - [36m[d:\GitHub\pomelo-webconnector\node_modules\pomelo\lib\components\connector.js] [39m[connector-server-1] getSession session is created with session id: 1
[2014-07-11 15:46:37.177] [DEBUG] pomelo - [36m[d:\GitHub\pomelo-webconnector\node_modules\pomelo\lib\components\connector.js] [39m[connector-server-1] handleMessage session id: 1, msg: {"id":"1","route":"connector.entryHandler.entry","body":{"params":{"body":{"a":1,"b":2},"query":{"id":"1","passport":"abcd"}}}}
[2014-07-11 15:46:37.195] [DEBUG] pomelo - [36m[d:\GitHub\pomelo-webconnector\node_modules\pomelo\lib\components\connector.js] [39m[connector-server-1] send message reqId: 1, route: connector.entryHandler.entry, msg: {"code":200,"msg":"game server is ok."}, receivers: [1], opts: {"type":"response","userOptions":{},"isResponse":true}
[2014-07-11 15:46:37.197] [DEBUG] pomelo - [36m[d:\GitHub\pomelo-webconnector\node_modules\pomelo\lib\common\service\sessionService.js] [39msession on [connector-server-1] is closed with session id: 1
[2014-07-11 15:46:52.226] [DEBUG] pomelo - [36m[d:\GitHub\pomelo-webconnector\node_modules\pomelo\lib\components\connector.js] [39m[connector-server-1] getSession session is created with session id: 2
[2014-07-11 15:46:52.226] [DEBUG] pomelo - [36m[d:\GitHub\pomelo-webconnector\node_modules\pomelo\lib\components\connector.js] [39m[connector-server-1] handleMessage session id: 2, msg: {"id":"1","route":"connector.entryHandler.entry","body":{"params":{"body":{"a":1,"b":2},"query":{"id":"1","passport":"abcd"}}}}
[2014-07-11 15:46:52.227] [DEBUG] pomelo - [36m[d:\GitHub\pomelo-webconnector\node_modules\pomelo\lib\components\connector.js] [39m[connector-server-1] send message reqId: 1, route: connector.entryHandler.entry, msg: {"code":200,"msg":"game server is ok."}, receivers: [2], opts: {"type":"response","userOptions":{},"isResponse":true}
[2014-07-11 15:46:52.228] [DEBUG] pomelo - [36m[d:\GitHub\pomelo-webconnector\node_modules\pomelo\lib\common\service\sessionService.js] [39msession on [connector-server-1] is closed with session id: 2
